2023/08/11 06:22:07 [notice] 1#1: using the "epoll" event method
2023/08/11 06:22:07 [notice] 1#1: nginx/1.21.3
2023/08/11 06:22:07 [notice] 1#1: built by gcc 10.3.1 20210424 (Alpine 10.3.1_git20210424) 
2023/08/11 06:22:07 [notice] 1#1: OS: Linux 5.15.0-67-generic
2023/08/11 06:22:07 [notice] 1#1: getrlimit(RLIMIT_NOFILE): 1048576:1048576
2023/08/11 06:22:07 [notice] 1#1: start worker processes
2023/08/11 06:22:07 [notice] 1#1: start worker process 32
2023/08/11 06:22:07 [notice] 1#1: start worker process 33
2023/08/11 06:22:07 [notice] 1#1: start worker process 34
2023/08/11 06:22:07 [notice] 1#1: start worker process 35
2023/08/11 06:22:07 [notice] 1#1: start worker process 36
2023/08/11 06:22:07 [notice] 1#1: start worker process 37
2023/08/11 06:22:07 [notice] 1#1: start worker process 38
2023/08/11 06:22:07 [notice] 1#1: start worker process 39
2023/08/11 06:22:07 [notice] 1#1: start worker process 40
2023/08/11 06:22:07 [notice] 1#1: start worker process 41
2023/08/11 06:22:07 [notice] 1#1: start worker process 42
2023/08/11 06:22:07 [notice] 1#1: start worker process 43
2023/08/11 06:23:44 [notice] 1#1: signal 3 (SIGQUIT) received, shutting down
2023/08/11 06:23:44 [notice] 32#32: gracefully shutting down
2023/08/11 06:23:44 [notice] 33#33: gracefully shutting down
2023/08/11 06:23:44 [notice] 34#34: gracefully shutting down
2023/08/11 06:23:44 [notice] 36#36: gracefully shutting down
2023/08/11 06:23:44 [notice] 35#35: gracefully shutting down
2023/08/11 06:23:44 [notice] 38#38: gracefully shutting down
2023/08/11 06:23:44 [notice] 37#37: gracefully shutting down
2023/08/11 06:23:44 [notice] 39#39: gracefully shutting down
2023/08/11 06:23:44 [notice] 40#40: gracefully shutting down
2023/08/11 06:23:44 [notice] 34#34: exiting
2023/08/11 06:23:44 [notice] 43#43: gracefully shutting down
2023/08/11 06:23:44 [notice] 36#36: exiting
2023/08/11 06:23:44 [notice] 41#41: gracefully shutting down
2023/08/11 06:23:44 [notice] 35#35: exiting
2023/08/11 06:23:44 [notice] 38#38: exiting
2023/08/11 06:23:44 [notice] 37#37: exiting
2023/08/11 06:23:44 [notice] 39#39: exiting
2023/08/11 06:23:44 [notice] 40#40: exiting
2023/08/11 06:23:44 [notice] 43#43: exiting
2023/08/11 06:23:44 [notice] 32#32: exiting
2023/08/11 06:23:44 [notice] 41#41: exiting
2023/08/11 06:23:44 [notice] 34#34: exit
2023/08/11 06:23:44 [notice] 35#35: exit
2023/08/11 06:23:44 [notice] 36#36: exit
2023/08/11 06:23:44 [notice] 37#37: exit
2023/08/11 06:23:44 [notice] 39#39: exit
2023/08/11 06:23:44 [notice] 40#40: exit
2023/08/11 06:23:44 [notice] 43#43: exit
2023/08/11 06:23:44 [notice] 38#38: exit
2023/08/11 06:23:44 [notice] 32#32: exit
2023/08/11 06:23:44 [notice] 41#41: exit
2023/08/11 06:23:44 [notice] 42#42: gracefully shutting down
2023/08/11 06:23:44 [notice] 42#42: exiting
2023/08/11 06:23:44 [notice] 42#42: exit
2023/08/11 06:23:44 [notice] 1#1: signal 17 (SIGCHLD) received from 35
2023/08/11 06:23:44 [notice] 1#1: worker process 35 exited with code 0
2023/08/11 06:23:44 [notice] 1#1: signal 29 (SIGIO) received
2023/08/11 06:23:44 [notice] 1#1: signal 17 (SIGCHLD) received from 41
2023/08/11 06:23:44 [notice] 1#1: worker process 34 exited with code 0
2023/08/11 06:23:44 [notice] 1#1: worker process 40 exited with code 0
2023/08/11 06:23:44 [notice] 1#1: worker process 41 exited with code 0
2023/08/11 06:23:44 [notice] 1#1: signal 29 (SIGIO) received
2023/08/11 06:23:44 [notice] 1#1: signal 17 (SIGCHLD) received from 42
2023/08/11 06:23:44 [notice] 1#1: worker process 42 exited with code 0
2023/08/11 06:23:44 [notice] 1#1: signal 29 (SIGIO) received
2023/08/11 06:23:44 [notice] 1#1: signal 17 (SIGCHLD) received from 43
2023/08/11 06:23:44 [notice] 1#1: worker process 43 exited with code 0
2023/08/11 06:23:44 [notice] 1#1: signal 29 (SIGIO) received
2023/08/11 06:23:44 [notice] 1#1: signal 17 (SIGCHLD) received from 36
2023/08/11 06:23:44 [notice] 1#1: worker process 36 exited with code 0
2023/08/11 06:23:44 [notice] 1#1: signal 29 (SIGIO) received
2023/08/11 06:23:44 [notice] 1#1: signal 17 (SIGCHLD) received from 39
2023/08/11 06:23:44 [notice] 1#1: worker process 39 exited with code 0
2023/08/11 06:23:44 [notice] 1#1: signal 29 (SIGIO) received
2023/08/11 06:23:44 [notice] 1#1: signal 17 (SIGCHLD) received from 38
2023/08/11 06:23:44 [notice] 1#1: worker process 38 exited with code 0
2023/08/11 06:23:44 [notice] 1#1: signal 29 (SIGIO) received
2023/08/11 06:23:44 [notice] 1#1: signal 17 (SIGCHLD) received from 32
2023/08/11 06:23:44 [notice] 1#1: worker process 32 exited with code 0
2023/08/11 06:23:44 [notice] 1#1: signal 29 (SIGIO) received
2023/08/11 06:23:44 [notice] 1#1: signal 17 (SIGCHLD) received from 37
2023/08/11 06:23:44 [notice] 1#1: worker process 37 exited with code 0
2023/08/11 06:23:44 [notice] 1#1: signal 29 (SIGIO) received
2023/08/11 06:23:49 [notice] 1#1: signal 3 (SIGQUIT) received, shutting down
2023/08/11 06:23:52 [notice] 1#1: signal 3 (SIGQUIT) received, shutting down
2023/08/11 06:24:06 [notice] 1#1: using the "epoll" event method
2023/08/11 06:24:06 [notice] 1#1: nginx/1.21.3
2023/08/11 06:24:06 [notice] 1#1: built by gcc 10.3.1 20210424 (Alpine 10.3.1_git20210424) 
2023/08/11 06:24:06 [notice] 1#1: OS: Linux 5.15.0-67-generic
2023/08/11 06:24:06 [notice] 1#1: getrlimit(RLIMIT_NOFILE): 1048576:1048576
2023/08/11 06:24:06 [notice] 1#1: start worker processes
2023/08/11 06:24:06 [notice] 1#1: start worker process 32
2023/08/11 06:24:06 [notice] 1#1: start worker process 33
2023/08/11 06:24:06 [notice] 1#1: start worker process 34
2023/08/11 06:24:06 [notice] 1#1: start worker process 35
2023/08/11 06:24:06 [notice] 1#1: start worker process 36
2023/08/11 06:24:06 [notice] 1#1: start worker process 37
2023/08/11 06:24:06 [notice] 1#1: start worker process 38
2023/08/11 06:24:06 [notice] 1#1: start worker process 39
2023/08/11 06:24:06 [notice] 1#1: start worker process 40
2023/08/11 06:24:06 [notice] 1#1: start worker process 41
2023/08/11 06:24:06 [notice] 1#1: start worker process 42
2023/08/11 06:24:06 [notice] 1#1: start worker process 43
2023/08/11 06:29:52 [notice] 1#1: signal 3 (SIGQUIT) received, shutting down
2023/08/11 06:29:52 [notice] 32#32: gracefully shutting down
2023/08/11 06:29:52 [notice] 34#34: gracefully shutting down
2023/08/11 06:29:52 [notice] 35#35: gracefully shutting down
2023/08/11 06:29:52 [notice] 33#33: gracefully shutting down
2023/08/11 06:29:52 [notice] 38#38: gracefully shutting down
2023/08/11 06:29:52 [notice] 39#39: gracefully shutting down
2023/08/11 06:29:52 [notice] 41#41: gracefully shutting down
2023/08/11 06:29:52 [notice] 32#32: exiting
2023/08/11 06:29:52 [notice] 43#43: gracefully shutting down
2023/08/11 06:29:52 [notice] 34#34: exiting
2023/08/11 06:29:52 [notice] 40#40: gracefully shutting down
2023/08/11 06:29:52 [notice] 35#35: exiting
2023/08/11 06:29:52 [notice] 33#33: exiting
2023/08/11 06:29:52 [notice] 38#38: exiting
2023/08/11 06:29:52 [notice] 39#39: exiting
2023/08/11 06:29:52 [notice] 41#41: exiting
2023/08/11 06:29:52 [notice] 43#43: exiting
2023/08/11 06:29:52 [notice] 40#40: exiting
2023/08/11 06:29:52 [notice] 37#37: gracefully shutting down
2023/08/11 06:29:52 [notice] 36#36: gracefully shutting down
2023/08/11 06:29:52 [notice] 37#37: exiting
2023/08/11 06:29:52 [notice] 36#36: exiting
2023/08/11 06:29:52 [notice] 34#34: exit
2023/08/11 06:29:52 [notice] 35#35: exit
2023/08/11 06:29:52 [notice] 41#41: exit
2023/08/11 06:29:52 [notice] 32#32: exit
2023/08/11 06:29:52 [notice] 43#43: exit
2023/08/11 06:29:52 [notice] 33#33: exit
2023/08/11 06:29:52 [notice] 39#39: exit
2023/08/11 06:29:52 [notice] 40#40: exit
2023/08/11 06:29:52 [notice] 38#38: exit
2023/08/11 06:29:52 [notice] 37#37: exit
2023/08/11 06:29:52 [notice] 36#36: exit
2023/08/11 06:29:52 [notice] 42#42: gracefully shutting down
2023/08/11 06:29:52 [notice] 42#42: exiting
2023/08/11 06:29:52 [notice] 42#42: exit
2023/08/11 06:29:52 [notice] 1#1: signal 17 (SIGCHLD) received from 41
2023/08/11 06:29:52 [notice] 1#1: worker process 36 exited with code 0
2023/08/11 06:29:52 [notice] 1#1: worker process 37 exited with code 0
2023/08/11 06:29:52 [notice] 1#1: worker process 41 exited with code 0
2023/08/11 06:29:52 [notice] 1#1: signal 29 (SIGIO) received
2023/08/11 06:29:52 [notice] 1#1: signal 17 (SIGCHLD) received from 32
2023/08/11 06:29:52 [notice] 1#1: worker process 32 exited with code 0
2023/08/11 06:29:52 [notice] 1#1: signal 29 (SIGIO) received
2023/08/11 06:29:52 [notice] 1#1: signal 17 (SIGCHLD) received from 34
2023/08/11 06:29:52 [notice] 1#1: worker process 34 exited with code 0
2023/08/11 06:29:52 [notice] 1#1: signal 29 (SIGIO) received
2023/08/11 06:29:52 [notice] 1#1: signal 17 (SIGCHLD) received from 33
2023/08/11 06:29:52 [notice] 1#1: worker process 33 exited with code 0
2023/08/11 06:29:52 [notice] 1#1: worker process 39 exited with code 0
2023/08/11 06:29:52 [notice] 1#1: signal 29 (SIGIO) received
2023/08/11 06:29:52 [notice] 1#1: signal 17 (SIGCHLD) received from 39
2023/08/11 06:29:52 [notice] 1#1: signal 17 (SIGCHLD) received from 43
2023/08/11 06:29:52 [notice] 1#1: worker process 43 exited with code 0
2023/08/11 06:29:52 [notice] 1#1: signal 29 (SIGIO) received
2023/08/11 06:29:52 [notice] 1#1: signal 17 (SIGCHLD) received from 42
2023/08/11 06:29:52 [notice] 1#1: worker process 42 exited with code 0
2023/08/11 06:29:52 [notice] 1#1: signal 29 (SIGIO) received
2023/08/11 06:29:52 [notice] 1#1: signal 17 (SIGCHLD) received from 35
2023/08/11 06:29:52 [notice] 1#1: worker process 35 exited with code 0
2023/08/11 06:29:52 [notice] 1#1: worker process 38 exited with code 0
2023/08/11 06:29:52 [notice] 1#1: worker process 40 exited with code 0
2023/08/11 06:29:52 [notice] 1#1: exit
2023/08/11 06:30:07 [notice] 1#1: using the "epoll" event method
2023/08/11 06:30:07 [notice] 1#1: nginx/1.21.3
2023/08/11 06:30:07 [notice] 1#1: built by gcc 10.3.1 20210424 (Alpine 10.3.1_git20210424) 
2023/08/11 06:30:07 [notice] 1#1: OS: Linux 5.15.0-67-generic
2023/08/11 06:30:07 [notice] 1#1: getrlimit(RLIMIT_NOFILE): 1048576:1048576
2023/08/11 06:30:07 [notice] 1#1: start worker processes
2023/08/11 06:30:07 [notice] 1#1: start worker process 32
2023/08/11 06:30:07 [notice] 1#1: start worker process 33
2023/08/11 06:30:07 [notice] 1#1: start worker process 34
2023/08/11 06:30:07 [notice] 1#1: start worker process 35
2023/08/11 06:30:07 [notice] 1#1: start worker process 36
2023/08/11 06:30:07 [notice] 1#1: start worker process 37
2023/08/11 06:30:07 [notice] 1#1: start worker process 38
2023/08/11 06:30:07 [notice] 1#1: start worker process 39
2023/08/11 06:30:07 [notice] 1#1: start worker process 40
2023/08/11 06:30:07 [notice] 1#1: start worker process 41
2023/08/11 06:30:07 [notice] 1#1: start worker process 42
2023/08/11 06:30:07 [notice] 1#1: start worker process 43
2023/08/11 06:30:27 [notice] 1#1: signal 3 (SIGQUIT) received, shutting down
2023/08/11 06:30:27 [notice] 33#33: gracefully shutting down
2023/08/11 06:30:27 [notice] 32#32: gracefully shutting down
2023/08/11 06:30:27 [notice] 35#35: gracefully shutting down
2023/08/11 06:30:27 [notice] 38#38: gracefully shutting down
2023/08/11 06:30:27 [notice] 34#34: gracefully shutting down
2023/08/11 06:30:27 [notice] 36#36: gracefully shutting down
2023/08/11 06:30:27 [notice] 40#40: gracefully shutting down
2023/08/11 06:30:27 [notice] 33#33: exiting
2023/08/11 06:30:27 [notice] 42#42: gracefully shutting down
2023/08/11 06:30:27 [notice] 35#35: exiting
2023/08/11 06:30:27 [notice] 43#43: gracefully shutting down
2023/08/11 06:30:27 [notice] 38#38: exiting
2023/08/11 06:30:27 [notice] 34#34: exiting
2023/08/11 06:30:27 [notice] 36#36: exiting
2023/08/11 06:30:27 [notice] 40#40: exiting
2023/08/11 06:30:27 [notice] 42#42: exiting
2023/08/11 06:30:27 [notice] 43#43: exiting
2023/08/11 06:30:27 [notice] 41#41: gracefully shutting down
2023/08/11 06:30:27 [notice] 41#41: exiting
2023/08/11 06:30:27 [notice] 38#38: exit
2023/08/11 06:30:27 [notice] 33#33: exit
2023/08/11 06:30:27 [notice] 39#39: gracefully shutting down
2023/08/11 06:30:27 [notice] 34#34: exit
2023/08/11 06:30:27 [notice] 35#35: exit
2023/08/11 06:30:27 [notice] 36#36: exit
2023/08/11 06:30:27 [notice] 42#42: exit
2023/08/11 06:30:27 [notice] 43#43: exit
2023/08/11 06:30:27 [notice] 39#39: exiting
2023/08/11 06:30:27 [notice] 40#40: exit
2023/08/11 06:30:27 [notice] 41#41: exit
2023/08/11 06:30:27 [notice] 39#39: exit
2023/08/11 06:30:27 [notice] 37#37: gracefully shutting down
2023/08/11 06:30:27 [notice] 37#37: exiting
2023/08/11 06:30:27 [notice] 37#37: exit
2023/08/11 06:30:27 [notice] 1#1: signal 17 (SIGCHLD) received from 37
2023/08/11 06:30:27 [notice] 1#1: worker process 37 exited with code 0
2023/08/11 06:30:27 [notice] 1#1: signal 29 (SIGIO) received
2023/08/11 06:30:27 [notice] 1#1: signal 17 (SIGCHLD) received from 35
2023/08/11 06:30:27 [notice] 1#1: worker process 35 exited with code 0
2023/08/11 06:30:27 [notice] 1#1: signal 29 (SIGIO) received
2023/08/11 06:30:27 [notice] 1#1: signal 17 (SIGCHLD) received from 34
2023/08/11 06:30:27 [notice] 1#1: worker process 34 exited with code 0
2023/08/11 06:30:27 [notice] 1#1: signal 29 (SIGIO) received
2023/08/11 06:30:27 [notice] 1#1: signal 17 (SIGCHLD) received from 33
2023/08/11 06:30:27 [notice] 1#1: worker process 33 exited with code 0
2023/08/11 06:30:27 [notice] 1#1: signal 29 (SIGIO) received
2023/08/11 06:30:27 [notice] 1#1: signal 17 (SIGCHLD) received from 43
2023/08/11 06:30:27 [notice] 1#1: worker process 43 exited with code 0
2023/08/11 06:30:27 [notice] 1#1: signal 29 (SIGIO) received
2023/08/11 06:30:27 [notice] 1#1: signal 17 (SIGCHLD) received from 40
2023/08/11 06:30:27 [notice] 1#1: worker process 40 exited with code 0
2023/08/11 06:30:27 [notice] 1#1: signal 29 (SIGIO) received
2023/08/11 06:30:27 [notice] 1#1: signal 17 (SIGCHLD) received from 38
2023/08/11 06:30:27 [notice] 1#1: worker process 38 exited with code 0
2023/08/11 06:30:27 [notice] 1#1: signal 29 (SIGIO) received
2023/08/11 06:30:27 [notice] 1#1: signal 17 (SIGCHLD) received from 41
2023/08/11 06:30:27 [notice] 1#1: worker process 41 exited with code 0
2023/08/11 06:30:27 [notice] 1#1: signal 29 (SIGIO) received
2023/08/11 06:30:27 [notice] 1#1: signal 17 (SIGCHLD) received from 39
2023/08/11 06:30:27 [notice] 1#1: worker process 39 exited with code 0
2023/08/11 06:30:27 [notice] 1#1: signal 29 (SIGIO) received
2023/08/11 06:30:27 [notice] 1#1: signal 17 (SIGCHLD) received from 42
2023/08/11 06:30:27 [notice] 1#1: worker process 42 exited with code 0
2023/08/11 06:30:27 [notice] 1#1: signal 29 (SIGIO) received
2023/08/11 06:30:27 [notice] 1#1: signal 17 (SIGCHLD) received from 36
2023/08/11 06:30:27 [notice] 1#1: worker process 36 exited with code 0
2023/08/11 06:30:27 [notice] 1#1: signal 29 (SIGIO) received
2023/08/11 06:31:57 [notice] 1#1: using the "epoll" event method
2023/08/11 06:31:57 [notice] 1#1: nginx/1.21.3
2023/08/11 06:31:57 [notice] 1#1: built by gcc 10.3.1 20210424 (Alpine 10.3.1_git20210424) 
2023/08/11 06:31:57 [notice] 1#1: OS: Linux 5.15.0-67-generic
2023/08/11 06:31:57 [notice] 1#1: getrlimit(RLIMIT_NOFILE): 1048576:1048576
2023/08/11 06:31:57 [notice] 1#1: start worker processes
2023/08/11 06:31:57 [notice] 1#1: start worker process 32
2023/08/11 06:31:57 [notice] 1#1: start worker process 33
2023/08/11 06:31:57 [notice] 1#1: start worker process 34
2023/08/11 06:31:57 [notice] 1#1: start worker process 35
2023/08/11 06:31:57 [notice] 1#1: start worker process 36
2023/08/11 06:31:57 [notice] 1#1: start worker process 37
2023/08/11 06:31:57 [notice] 1#1: start worker process 38
2023/08/11 06:31:57 [notice] 1#1: start worker process 39
2023/08/11 06:31:57 [notice] 1#1: start worker process 40
2023/08/11 06:31:57 [notice] 1#1: start worker process 41
2023/08/11 06:31:57 [notice] 1#1: start worker process 42
2023/08/11 06:31:57 [notice] 1#1: start worker process 43
2023/08/11 06:33:52 [notice] 1#1: signal 3 (SIGQUIT) received, shutting down
2023/08/11 06:33:52 [notice] 32#32: gracefully shutting down
2023/08/11 06:33:52 [notice] 33#33: gracefully shutting down
2023/08/11 06:33:52 [notice] 34#34: gracefully shutting down
2023/08/11 06:33:52 [notice] 35#35: gracefully shutting down
2023/08/11 06:33:52 [notice] 37#37: gracefully shutting down
2023/08/11 06:33:52 [notice] 40#40: gracefully shutting down
2023/08/11 06:33:52 [notice] 38#38: gracefully shutting down
2023/08/11 06:33:52 [notice] 39#39: gracefully shutting down
2023/08/11 06:33:52 [notice] 32#32: exiting
2023/08/11 06:33:52 [notice] 41#41: gracefully shutting down
2023/08/11 06:33:52 [notice] 42#42: gracefully shutting down
2023/08/11 06:33:52 [notice] 33#33: exiting
2023/08/11 06:33:52 [notice] 43#43: gracefully shutting down
2023/08/11 06:33:52 [notice] 35#35: exiting
2023/08/11 06:33:52 [notice] 37#37: exiting
2023/08/11 06:33:52 [notice] 40#40: exiting
2023/08/11 06:33:52 [notice] 38#38: exiting
2023/08/11 06:33:52 [notice] 36#36: gracefully shutting down
2023/08/11 06:33:52 [notice] 39#39: exiting
2023/08/11 06:33:52 [notice] 41#41: exiting
2023/08/11 06:33:52 [notice] 42#42: exiting
2023/08/11 06:33:52 [notice] 43#43: exiting
2023/08/11 06:33:52 [notice] 36#36: exiting
2023/08/11 06:33:52 [notice] 32#32: exit
2023/08/11 06:33:52 [notice] 33#33: exit
2023/08/11 06:33:52 [notice] 38#38: exit
2023/08/11 06:33:52 [notice] 35#35: exit
2023/08/11 06:33:52 [notice] 40#40: exit
2023/08/11 06:33:52 [notice] 43#43: exit
2023/08/11 06:33:52 [notice] 41#41: exit
2023/08/11 06:33:52 [notice] 37#37: exit
2023/08/11 06:33:52 [notice] 42#42: exit
2023/08/11 06:33:52 [notice] 39#39: exit
2023/08/11 06:33:52 [notice] 36#36: exit
2023/08/11 06:33:52 [notice] 34#34: exiting
2023/08/11 06:33:52 [notice] 34#34: exit
2023/08/11 06:33:52 [notice] 1#1: signal 17 (SIGCHLD) received from 43
2023/08/11 06:33:52 [notice] 1#1: worker process 43 exited with code 0
2023/08/11 06:33:52 [notice] 1#1: signal 29 (SIGIO) received
2023/08/11 06:33:52 [notice] 1#1: signal 17 (SIGCHLD) received from 39
2023/08/11 06:33:52 [notice] 1#1: worker process 35 exited with code 0
2023/08/11 06:33:52 [notice] 1#1: worker process 36 exited with code 0
2023/08/11 06:33:52 [notice] 1#1: worker process 39 exited with code 0
2023/08/11 06:33:52 [notice] 1#1: worker process 42 exited with code 0
2023/08/11 06:33:52 [notice] 1#1: signal 29 (SIGIO) received
2023/08/11 06:33:52 [notice] 1#1: signal 17 (SIGCHLD) received from 35
2023/08/11 06:33:52 [notice] 1#1: signal 17 (SIGCHLD) received from 41
2023/08/11 06:33:52 [notice] 1#1: worker process 41 exited with code 0
2023/08/11 06:33:52 [notice] 1#1: signal 29 (SIGIO) received
2023/08/11 06:33:52 [notice] 1#1: signal 17 (SIGCHLD) received from 33
2023/08/11 06:33:52 [notice] 1#1: worker process 33 exited with code 0
2023/08/11 06:33:52 [notice] 1#1: signal 29 (SIGIO) received
2023/08/11 06:33:52 [notice] 1#1: signal 17 (SIGCHLD) received from 34
2023/08/11 06:33:52 [notice] 1#1: worker process 34 exited with code 0
2023/08/11 06:33:52 [notice] 1#1: signal 29 (SIGIO) received
2023/08/11 06:33:52 [notice] 1#1: signal 17 (SIGCHLD) received from 37
2023/08/11 06:33:52 [notice] 1#1: worker process 37 exited with code 0
2023/08/11 06:33:52 [notice] 1#1: signal 29 (SIGIO) received
2023/08/11 06:33:52 [notice] 1#1: signal 17 (SIGCHLD) received from 38
2023/08/11 06:33:52 [notice] 1#1: worker process 38 exited with code 0
2023/08/11 06:33:52 [notice] 1#1: signal 29 (SIGIO) received
2023/08/11 06:33:52 [notice] 1#1: signal 17 (SIGCHLD) received from 40
2023/08/11 06:33:52 [notice] 1#1: worker process 40 exited with code 0
2023/08/11 06:33:52 [notice] 1#1: signal 29 (SIGIO) received
2023/08/11 06:33:52 [notice] 1#1: signal 17 (SIGCHLD) received from 32
2023/08/11 06:33:52 [notice] 1#1: worker process 32 exited with code 0
2023/08/11 06:33:52 [notice] 1#1: exit
2023/08/11 06:34:03 [notice] 1#1: using the "epoll" event method
2023/08/11 06:34:03 [notice] 1#1: nginx/1.21.3
2023/08/11 06:34:03 [notice] 1#1: built by gcc 10.3.1 20210424 (Alpine 10.3.1_git20210424) 
2023/08/11 06:34:03 [notice] 1#1: OS: Linux 5.15.0-67-generic
2023/08/11 06:34:03 [notice] 1#1: getrlimit(RLIMIT_NOFILE): 1048576:1048576
2023/08/11 06:34:03 [notice] 1#1: start worker processes
2023/08/11 06:34:03 [notice] 1#1: start worker process 32
2023/08/11 06:34:03 [notice] 1#1: start worker process 33
2023/08/11 06:34:03 [notice] 1#1: start worker process 34
2023/08/11 06:34:03 [notice] 1#1: start worker process 35
2023/08/11 06:34:03 [notice] 1#1: start worker process 36
2023/08/11 06:34:03 [notice] 1#1: start worker process 37
2023/08/11 06:34:03 [notice] 1#1: start worker process 38
2023/08/11 06:34:03 [notice] 1#1: start worker process 39
2023/08/11 06:34:03 [notice] 1#1: start worker process 40
2023/08/11 06:34:03 [notice] 1#1: start worker process 41
2023/08/11 06:34:03 [notice] 1#1: start worker process 42
2023/08/11 06:34:03 [notice] 1#1: start worker process 43
2023/08/11 06:36:34 [notice] 1#1: signal 3 (SIGQUIT) received, shutting down
2023/08/11 06:36:34 [notice] 33#33: gracefully shutting down
2023/08/11 06:36:34 [notice] 34#34: gracefully shutting down
2023/08/11 06:36:34 [notice] 32#32: gracefully shutting down
2023/08/11 06:36:34 [notice] 36#36: gracefully shutting down
2023/08/11 06:36:34 [notice] 35#35: gracefully shutting down
2023/08/11 06:36:34 [notice] 37#37: gracefully shutting down
2023/08/11 06:36:34 [notice] 38#38: gracefully shutting down
2023/08/11 06:36:34 [notice] 39#39: gracefully shutting down
2023/08/11 06:36:34 [notice] 33#33: exiting
2023/08/11 06:36:34 [notice] 34#34: exiting
2023/08/11 06:36:34 [notice] 32#32: exiting
2023/08/11 06:36:34 [notice] 41#41: gracefully shutting down
2023/08/11 06:36:34 [notice] 36#36: exiting
2023/08/11 06:36:34 [notice] 35#35: exiting
2023/08/11 06:36:34 [notice] 37#37: exiting
2023/08/11 06:36:34 [notice] 38#38: exiting
2023/08/11 06:36:34 [notice] 39#39: exiting
2023/08/11 06:36:34 [notice] 41#41: exiting
2023/08/11 06:36:34 [notice] 37#37: exit
2023/08/11 06:36:34 [notice] 33#33: exit
2023/08/11 06:36:34 [notice] 32#32: exit
2023/08/11 06:36:34 [notice] 38#38: exit
2023/08/11 06:36:34 [notice] 34#34: exit
2023/08/11 06:36:34 [notice] 41#41: exit
2023/08/11 06:36:34 [notice] 35#35: exit
2023/08/11 06:36:34 [notice] 39#39: exit
2023/08/11 06:36:34 [notice] 36#36: exit
2023/08/11 06:36:34 [notice] 40#40: gracefully shutting down
2023/08/11 06:36:34 [notice] 42#42: gracefully shutting down
2023/08/11 06:36:34 [notice] 40#40: exiting
2023/08/11 06:36:34 [notice] 42#42: exiting
2023/08/11 06:36:34 [notice] 40#40: exit
2023/08/11 06:36:34 [notice] 42#42: exit
2023/08/11 06:36:34 [notice] 43#43: gracefully shutting down
2023/08/11 06:36:34 [notice] 43#43: exiting
2023/08/11 06:36:34 [notice] 43#43: exit
2023/08/11 06:36:34 [notice] 1#1: signal 17 (SIGCHLD) received from 37
2023/08/11 06:36:34 [notice] 1#1: worker process 34 exited with code 0
2023/08/11 06:36:34 [notice] 1#1: worker process 37 exited with code 0
2023/08/11 06:36:34 [notice] 1#1: signal 29 (SIGIO) received
2023/08/11 06:36:34 [notice] 1#1: signal 17 (SIGCHLD) received from 41
2023/08/11 06:36:34 [notice] 1#1: worker process 41 exited with code 0
2023/08/11 06:36:34 [notice] 1#1: signal 29 (SIGIO) received
2023/08/11 06:36:34 [notice] 1#1: signal 17 (SIGCHLD) received from 32
2023/08/11 06:36:34 [notice] 1#1: worker process 32 exited with code 0
2023/08/11 06:36:34 [notice] 1#1: signal 29 (SIGIO) received
2023/08/11 06:36:34 [notice] 1#1: signal 17 (SIGCHLD) received from 36
2023/08/11 06:36:34 [notice] 1#1: worker process 36 exited with code 0
2023/08/11 06:36:34 [notice] 1#1: signal 29 (SIGIO) received
2023/08/11 06:36:34 [notice] 1#1: signal 17 (SIGCHLD) received from 35
2023/08/11 06:36:34 [notice] 1#1: worker process 35 exited with code 0
2023/08/11 06:36:34 [notice] 1#1: worker process 43 exited with code 0
2023/08/11 06:36:34 [notice] 1#1: signal 29 (SIGIO) received
2023/08/11 06:36:34 [notice] 1#1: signal 17 (SIGCHLD) received from 38
2023/08/11 06:36:34 [notice] 1#1: worker process 33 exited with code 0
2023/08/11 06:36:34 [notice] 1#1: worker process 38 exited with code 0
2023/08/11 06:36:34 [notice] 1#1: worker process 40 exited with code 0
2023/08/11 06:36:34 [notice] 1#1: signal 29 (SIGIO) received
2023/08/11 06:36:34 [notice] 1#1: signal 17 (SIGCHLD) received from 42
2023/08/11 06:36:34 [notice] 1#1: worker process 42 exited with code 0
2023/08/11 06:36:34 [notice] 1#1: signal 29 (SIGIO) received
2023/08/11 06:36:34 [notice] 1#1: signal 17 (SIGCHLD) received from 39
2023/08/11 06:36:34 [notice] 1#1: worker process 39 exited with code 0
2023/08/11 06:36:34 [notice] 1#1: exit
2023/08/11 06:36:49 [notice] 1#1: using the "epoll" event method
2023/08/11 06:36:49 [notice] 1#1: nginx/1.21.3
2023/08/11 06:36:49 [notice] 1#1: built by gcc 10.3.1 20210424 (Alpine 10.3.1_git20210424) 
2023/08/11 06:36:49 [notice] 1#1: OS: Linux 5.15.0-67-generic
2023/08/11 06:36:49 [notice] 1#1: getrlimit(RLIMIT_NOFILE): 1048576:1048576
2023/08/11 06:36:49 [notice] 1#1: start worker processes
2023/08/11 06:36:49 [notice] 1#1: start worker process 32
2023/08/11 06:36:49 [notice] 1#1: start worker process 33
2023/08/11 06:36:49 [notice] 1#1: start worker process 34
2023/08/11 06:36:49 [notice] 1#1: start worker process 35
2023/08/11 06:36:49 [notice] 1#1: start worker process 36
2023/08/11 06:36:49 [notice] 1#1: start worker process 37
2023/08/11 06:36:49 [notice] 1#1: start worker process 38
2023/08/11 06:36:49 [notice] 1#1: start worker process 39
2023/08/11 06:36:49 [notice] 1#1: start worker process 40
2023/08/11 06:36:49 [notice] 1#1: start worker process 41
2023/08/11 06:36:49 [notice] 1#1: start worker process 42
2023/08/11 06:36:49 [notice] 1#1: start worker process 43
2023/08/11 06:45:11 [warn] 32#32: *10 an upstream response is buffered to a temporary file /var/cache/nginx/fastcgi_temp/1/00/0000000001 while reading upstream, client: 172.28.0.1, server: _, request: "GET / HTTP/1.1", upstream: "fastcgi://172.28.0.3:9000", host: "localhost:9090"
2023/08/12 05:56:54 [notice] 1#1: using the "epoll" event method
2023/08/12 05:56:54 [notice] 1#1: nginx/1.21.3
2023/08/12 05:56:54 [notice] 1#1: built by gcc 10.3.1 20210424 (Alpine 10.3.1_git20210424) 
2023/08/12 05:56:54 [notice] 1#1: OS: Linux 5.10.102.1-microsoft-standard-WSL2
2023/08/12 05:56:54 [notice] 1#1: getrlimit(RLIMIT_NOFILE): 1048576:1048576
2023/08/12 05:56:54 [notice] 1#1: start worker processes
2023/08/12 05:56:54 [notice] 1#1: start worker process 32
2023/08/12 05:56:54 [notice] 1#1: start worker process 33
2023/08/12 05:56:54 [notice] 1#1: start worker process 34
2023/08/12 05:56:54 [notice] 1#1: start worker process 35
2023/08/12 05:56:54 [notice] 1#1: start worker process 36
2023/08/12 05:56:54 [notice] 1#1: start worker process 37
2023/08/12 05:56:54 [notice] 1#1: start worker process 38
2023/08/12 05:56:54 [notice] 1#1: start worker process 39
2023/08/12 05:56:54 [notice] 1#1: start worker process 40
2023/08/12 05:56:54 [notice] 1#1: start worker process 41
2023/08/12 05:56:54 [notice] 1#1: start worker process 42
2023/08/12 05:56:54 [notice] 1#1: start worker process 43
2023/08/12 05:56:54 [notice] 1#1: start worker process 44
2023/08/12 05:56:54 [notice] 1#1: start worker process 45
2023/08/12 05:56:54 [notice] 1#1: start worker process 46
2023/08/12 05:56:54 [notice] 1#1: start worker process 47
2023/08/12 06:05:32 [notice] 1#1: signal 3 (SIGQUIT) received, shutting down
2023/08/12 06:05:32 [notice] 32#32: gracefully shutting down
2023/08/12 06:05:32 [notice] 41#41: gracefully shutting down
2023/08/12 06:05:32 [notice] 33#33: gracefully shutting down
2023/08/12 06:05:32 [notice] 34#34: gracefully shutting down
2023/08/12 06:05:32 [notice] 35#35: gracefully shutting down
2023/08/12 06:05:32 [notice] 36#36: gracefully shutting down
2023/08/12 06:05:32 [notice] 37#37: gracefully shutting down
2023/08/12 06:05:32 [notice] 38#38: gracefully shutting down
2023/08/12 06:05:32 [notice] 39#39: gracefully shutting down
2023/08/12 06:05:32 [notice] 40#40: gracefully shutting down
2023/08/12 06:05:32 [notice] 42#42: gracefully shutting down
2023/08/12 06:05:32 [notice] 43#43: gracefully shutting down
2023/08/12 06:05:32 [notice] 44#44: gracefully shutting down
2023/08/12 06:05:32 [notice] 45#45: gracefully shutting down
2023/08/12 06:05:32 [notice] 46#46: gracefully shutting down
2023/08/12 06:05:32 [notice] 47#47: gracefully shutting down
2023/08/12 06:05:32 [notice] 32#32: exiting
2023/08/12 06:05:32 [notice] 41#41: exiting
2023/08/12 06:05:32 [notice] 32#32: exit
2023/08/12 06:05:32 [notice] 34#34: exiting
2023/08/12 06:05:32 [notice] 35#35: exiting
2023/08/12 06:05:32 [notice] 36#36: exiting
2023/08/12 06:05:32 [notice] 37#37: exiting
2023/08/12 06:05:32 [notice] 36#36: exit
2023/08/12 06:05:32 [notice] 38#38: exiting
2023/08/12 06:05:32 [notice] 39#39: exiting
2023/08/12 06:05:32 [notice] 40#40: exiting
2023/08/12 06:05:32 [notice] 42#42: exiting
2023/08/12 06:05:32 [notice] 43#43: exiting
2023/08/12 06:05:32 [notice] 42#42: exit
2023/08/12 06:05:32 [notice] 44#44: exiting
2023/08/12 06:05:32 [notice] 45#45: exiting
2023/08/12 06:05:32 [notice] 46#46: exiting
2023/08/12 06:05:32 [notice] 47#47: exiting
2023/08/12 06:05:32 [notice] 41#41: exit
2023/08/12 06:05:32 [notice] 34#34: exit
2023/08/12 06:05:32 [notice] 35#35: exit
2023/08/12 06:05:32 [notice] 37#37: exit
2023/08/12 06:05:32 [notice] 38#38: exit
2023/08/12 06:05:32 [notice] 39#39: exit
2023/08/12 06:05:32 [notice] 40#40: exit
2023/08/12 06:05:32 [notice] 43#43: exit
2023/08/12 06:05:32 [notice] 44#44: exit
2023/08/12 06:05:32 [notice] 45#45: exit
2023/08/12 06:05:32 [notice] 46#46: exit
2023/08/12 06:05:32 [notice] 47#47: exit
2023/08/12 06:05:32 [notice] 1#1: signal 17 (SIGCHLD) received from 38
2023/08/12 06:05:32 [notice] 1#1: worker process 36 exited with code 0
2023/08/12 06:05:32 [notice] 1#1: worker process 38 exited with code 0
2023/08/12 06:05:32 [notice] 1#1: signal 29 (SIGIO) received
2023/08/12 06:05:32 [notice] 1#1: signal 17 (SIGCHLD) received from 40
2023/08/12 06:05:32 [notice] 1#1: worker process 40 exited with code 0
2023/08/12 06:05:32 [notice] 1#1: worker process 45 exited with code 0
2023/08/12 06:05:32 [notice] 1#1: signal 29 (SIGIO) received
2023/08/12 06:05:32 [notice] 1#1: signal 17 (SIGCHLD) received from 45
2023/08/12 06:05:32 [notice] 1#1: signal 17 (SIGCHLD) received from 42
2023/08/12 06:05:32 [notice] 1#1: worker process 42 exited with code 0
2023/08/12 06:05:32 [notice] 1#1: worker process 44 exited with code 0
2023/08/12 06:05:32 [notice] 1#1: worker process 46 exited with code 0
2023/08/12 06:05:32 [notice] 1#1: signal 29 (SIGIO) received
2023/08/12 06:05:32 [notice] 1#1: signal 17 (SIGCHLD) received from 43
2023/08/12 06:05:32 [notice] 1#1: worker process 32 exited with code 0
2023/08/12 06:05:32 [notice] 1#1: worker process 34 exited with code 0
2023/08/12 06:05:32 [notice] 1#1: worker process 37 exited with code 0
2023/08/12 06:05:32 [notice] 1#1: worker process 41 exited with code 0
2023/08/12 06:05:32 [notice] 1#1: worker process 43 exited with code 0
2023/08/12 06:05:32 [notice] 1#1: worker process 47 exited with code 0
2023/08/12 06:05:32 [notice] 1#1: signal 29 (SIGIO) received
2023/08/12 06:05:32 [notice] 1#1: signal 17 (SIGCHLD) received from 39
2023/08/12 06:05:32 [notice] 1#1: worker process 35 exited with code 0
2023/08/12 06:05:32 [notice] 1#1: worker process 39 exited with code 0
2023/08/12 06:05:32 [notice] 1#1: signal 29 (SIGIO) received
2023/08/12 06:05:32 [notice] 1#1: signal 17 (SIGCHLD) received from 35
2023/08/12 06:06:02 [notice] 1#1: using the "epoll" event method
2023/08/12 06:06:02 [notice] 1#1: nginx/1.21.3
2023/08/12 06:06:02 [notice] 1#1: built by gcc 10.3.1 20210424 (Alpine 10.3.1_git20210424) 
2023/08/12 06:06:02 [notice] 1#1: OS: Linux 5.10.102.1-microsoft-standard-WSL2
2023/08/12 06:06:02 [notice] 1#1: getrlimit(RLIMIT_NOFILE): 1048576:1048576
2023/08/12 06:06:02 [notice] 1#1: start worker processes
2023/08/12 06:06:02 [notice] 1#1: start worker process 32
2023/08/12 06:06:02 [notice] 1#1: start worker process 33
2023/08/12 06:06:02 [notice] 1#1: start worker process 34
2023/08/12 06:06:02 [notice] 1#1: start worker process 35
2023/08/12 06:06:02 [notice] 1#1: start worker process 36
2023/08/12 06:06:02 [notice] 1#1: start worker process 37
2023/08/12 06:06:02 [notice] 1#1: start worker process 38
2023/08/12 06:06:02 [notice] 1#1: start worker process 39
2023/08/12 06:06:02 [notice] 1#1: start worker process 40
2023/08/12 06:06:02 [notice] 1#1: start worker process 41
2023/08/12 06:06:02 [notice] 1#1: start worker process 42
2023/08/12 06:06:02 [notice] 1#1: start worker process 43
2023/08/12 06:06:02 [notice] 1#1: start worker process 44
2023/08/12 06:06:02 [notice] 1#1: start worker process 45
2023/08/12 06:06:02 [notice] 1#1: start worker process 46
2023/08/12 06:06:02 [notice] 1#1: start worker process 47
2023/08/12 06:17:40 [notice] 1#1: signal 3 (SIGQUIT) received, shutting down
2023/08/12 06:17:40 [notice] 32#32: gracefully shutting down
2023/08/12 06:17:40 [notice] 41#41: gracefully shutting down
2023/08/12 06:17:40 [notice] 33#33: gracefully shutting down
2023/08/12 06:17:40 [notice] 34#34: gracefully shutting down
2023/08/12 06:17:40 [notice] 35#35: gracefully shutting down
2023/08/12 06:17:40 [notice] 36#36: gracefully shutting down
2023/08/12 06:17:40 [notice] 38#38: gracefully shutting down
2023/08/12 06:17:40 [notice] 37#37: gracefully shutting down
2023/08/12 06:17:40 [notice] 39#39: gracefully shutting down
2023/08/12 06:17:40 [notice] 40#40: gracefully shutting down
2023/08/12 06:17:40 [notice] 42#42: gracefully shutting down
2023/08/12 06:17:40 [notice] 43#43: gracefully shutting down
2023/08/12 06:17:40 [notice] 44#44: gracefully shutting down
2023/08/12 06:17:40 [notice] 32#32: exiting
2023/08/12 06:17:40 [notice] 45#45: gracefully shutting down
2023/08/12 06:17:40 [notice] 46#46: gracefully shutting down
2023/08/12 06:17:40 [notice] 47#47: gracefully shutting down
2023/08/12 06:17:40 [notice] 41#41: exiting
2023/08/12 06:17:40 [notice] 33#33: exiting
2023/08/12 06:17:40 [notice] 41#41: exit
2023/08/12 06:17:40 [notice] 34#34: exiting
2023/08/12 06:17:40 [notice] 35#35: exiting
2023/08/12 06:17:40 [notice] 36#36: exiting
2023/08/12 06:17:40 [notice] 38#38: exiting
2023/08/12 06:17:40 [notice] 36#36: exit
2023/08/12 06:17:40 [notice] 37#37: exiting
2023/08/12 06:17:40 [notice] 39#39: exiting
2023/08/12 06:17:40 [notice] 40#40: exiting
2023/08/12 06:17:40 [notice] 42#42: exiting
2023/08/12 06:17:40 [notice] 43#43: exiting
2023/08/12 06:17:40 [notice] 44#44: exiting
2023/08/12 06:17:40 [notice] 45#45: exiting
2023/08/12 06:17:40 [notice] 44#44: exit
2023/08/12 06:17:40 [notice] 32#32: exit
2023/08/12 06:17:40 [notice] 46#46: exiting
2023/08/12 06:17:40 [notice] 47#47: exiting
2023/08/12 06:17:40 [notice] 33#33: exit
2023/08/12 06:17:40 [notice] 34#34: exit
2023/08/12 06:17:40 [notice] 35#35: exit
2023/08/12 06:17:40 [notice] 38#38: exit
2023/08/12 06:17:40 [notice] 37#37: exit
2023/08/12 06:17:40 [notice] 39#39: exit
2023/08/12 06:17:40 [notice] 40#40: exit
2023/08/12 06:17:40 [notice] 42#42: exit
2023/08/12 06:17:40 [notice] 43#43: exit
2023/08/12 06:17:40 [notice] 45#45: exit
2023/08/12 06:17:40 [notice] 46#46: exit
2023/08/12 06:17:40 [notice] 47#47: exit
2023/08/12 06:17:40 [notice] 1#1: signal 17 (SIGCHLD) received from 38
2023/08/12 06:17:40 [notice] 1#1: worker process 38 exited with code 0
2023/08/12 06:17:40 [notice] 1#1: signal 29 (SIGIO) received
2023/08/12 06:17:40 [notice] 1#1: signal 17 (SIGCHLD) received from 41
2023/08/12 06:17:40 [notice] 1#1: worker process 41 exited with code 0
2023/08/12 06:17:40 [notice] 1#1: signal 29 (SIGIO) received
2023/08/12 06:17:40 [notice] 1#1: signal 17 (SIGCHLD) received from 40
2023/08/12 06:17:40 [notice] 1#1: worker process 39 exited with code 0
2023/08/12 06:17:40 [notice] 1#1: worker process 40 exited with code 0
2023/08/12 06:17:40 [notice] 1#1: worker process 42 exited with code 0
2023/08/12 06:17:40 [notice] 1#1: worker process 46 exited with code 0
2023/08/12 06:17:40 [notice] 1#1: worker process 47 exited with code 0
2023/08/12 06:17:40 [notice] 1#1: signal 29 (SIGIO) received
2023/08/12 06:17:40 [notice] 1#1: signal 17 (SIGCHLD) received from 46
2023/08/12 06:17:40 [notice] 1#1: signal 17 (SIGCHLD) received from 35
2023/08/12 06:17:40 [notice] 1#1: worker process 33 exited with code 0
2023/08/12 06:17:40 [notice] 1#1: worker process 34 exited with code 0
2023/08/12 06:17:40 [notice] 1#1: worker process 35 exited with code 0
2023/08/12 06:17:40 [notice] 1#1: worker process 36 exited with code 0
2023/08/12 06:17:40 [notice] 1#1: worker process 37 exited with code 0
2023/08/12 06:17:40 [notice] 1#1: worker process 43 exited with code 0
2023/08/12 06:17:40 [notice] 1#1: worker process 44 exited with code 0
2023/08/12 06:17:40 [notice] 1#1: worker process 45 exited with code 0
2023/08/12 06:17:40 [notice] 1#1: signal 29 (SIGIO) received
2023/08/12 06:17:40 [notice] 1#1: signal 17 (SIGCHLD) received from 45
2023/08/12 06:17:40 [notice] 1#1: signal 17 (SIGCHLD) received from 32
2023/08/12 06:17:40 [notice] 1#1: worker process 32 exited with code 0
2023/08/12 06:17:40 [notice] 1#1: exit
2023/08/12 06:18:01 [notice] 1#1: using the "epoll" event method
2023/08/12 06:18:01 [notice] 1#1: nginx/1.21.3
2023/08/12 06:18:01 [notice] 1#1: built by gcc 10.3.1 20210424 (Alpine 10.3.1_git20210424) 
2023/08/12 06:18:01 [notice] 1#1: OS: Linux 5.10.102.1-microsoft-standard-WSL2
2023/08/12 06:18:01 [notice] 1#1: getrlimit(RLIMIT_NOFILE): 1048576:1048576
2023/08/12 06:18:01 [notice] 1#1: start worker processes
2023/08/12 06:18:01 [notice] 1#1: start worker process 32
2023/08/12 06:18:01 [notice] 1#1: start worker process 33
2023/08/12 06:18:01 [notice] 1#1: start worker process 34
2023/08/12 06:18:01 [notice] 1#1: start worker process 35
2023/08/12 06:18:01 [notice] 1#1: start worker process 36
2023/08/12 06:18:01 [notice] 1#1: start worker process 37
2023/08/12 06:18:01 [notice] 1#1: start worker process 38
2023/08/12 06:18:01 [notice] 1#1: start worker process 39
2023/08/12 06:18:01 [notice] 1#1: start worker process 40
2023/08/12 06:18:01 [notice] 1#1: start worker process 41
2023/08/12 06:18:01 [notice] 1#1: start worker process 42
2023/08/12 06:18:01 [notice] 1#1: start worker process 43
2023/08/12 06:18:01 [notice] 1#1: start worker process 44
2023/08/12 06:18:01 [notice] 1#1: start worker process 45
2023/08/12 06:18:01 [notice] 1#1: start worker process 46
2023/08/12 06:18:01 [notice] 1#1: start worker process 47
2023/08/12 07:25:57 [notice] 1#1: signal 3 (SIGQUIT) received, shutting down
2023/08/12 07:25:57 [notice] 32#32: gracefully shutting down
2023/08/12 07:25:57 [notice] 41#41: gracefully shutting down
2023/08/12 07:25:57 [notice] 33#33: gracefully shutting down
2023/08/12 07:25:57 [notice] 34#34: gracefully shutting down
2023/08/12 07:25:57 [notice] 44#44: gracefully shutting down
2023/08/12 07:25:57 [notice] 35#35: gracefully shutting down
2023/08/12 07:25:57 [notice] 36#36: gracefully shutting down
2023/08/12 07:25:57 [notice] 39#39: gracefully shutting down
2023/08/12 07:25:57 [notice] 42#42: gracefully shutting down
2023/08/12 07:25:57 [notice] 37#37: gracefully shutting down
2023/08/12 07:25:57 [notice] 47#47: gracefully shutting down
2023/08/12 07:25:57 [notice] 46#46: gracefully shutting down
2023/08/12 07:25:57 [notice] 38#38: gracefully shutting down
2023/08/12 07:25:57 [notice] 40#40: gracefully shutting down
2023/08/12 07:25:57 [notice] 45#45: gracefully shutting down
2023/08/12 07:25:57 [notice] 43#43: gracefully shutting down
2023/08/12 07:25:57 [notice] 47#47: exiting
2023/08/12 07:25:57 [notice] 41#41: exiting
2023/08/12 07:25:57 [notice] 33#33: exiting
2023/08/12 07:25:57 [notice] 44#44: exiting
2023/08/12 07:25:57 [notice] 34#34: exiting
2023/08/12 07:25:57 [notice] 36#36: exiting
2023/08/12 07:25:57 [notice] 35#35: exiting
2023/08/12 07:25:57 [notice] 39#39: exiting
2023/08/12 07:25:57 [notice] 37#37: exiting
2023/08/12 07:25:57 [notice] 36#36: exit
2023/08/12 07:25:57 [notice] 42#42: exiting
2023/08/12 07:25:57 [notice] 46#46: exiting
2023/08/12 07:25:57 [notice] 38#38: exiting
2023/08/12 07:25:57 [notice] 40#40: exiting
2023/08/12 07:25:57 [notice] 45#45: exiting
2023/08/12 07:25:57 [notice] 43#43: exiting
2023/08/12 07:25:57 [notice] 41#41: exit
2023/08/12 07:25:57 [notice] 47#47: exit
2023/08/12 07:25:57 [notice] 43#43: exit
2023/08/12 07:25:57 [notice] 33#33: exit
2023/08/12 07:25:57 [notice] 44#44: exit
2023/08/12 07:25:57 [notice] 34#34: exit
2023/08/12 07:25:57 [notice] 35#35: exit
2023/08/12 07:25:57 [notice] 39#39: exit
2023/08/12 07:25:57 [notice] 37#37: exit
2023/08/12 07:25:57 [notice] 42#42: exit
2023/08/12 07:25:57 [notice] 46#46: exit
2023/08/12 07:25:57 [notice] 38#38: exit
2023/08/12 07:25:57 [notice] 40#40: exit
2023/08/12 07:25:57 [notice] 45#45: exit
2023/08/12 07:25:57 [notice] 1#1: signal 17 (SIGCHLD) received from 37
2023/08/12 07:25:57 [notice] 1#1: worker process 37 exited with code 0
2023/08/12 07:25:57 [notice] 1#1: signal 29 (SIGIO) received
2023/08/12 07:25:57 [notice] 1#1: signal 17 (SIGCHLD) received from 46
2023/08/12 07:25:57 [notice] 1#1: worker process 36 exited with code 0
2023/08/12 07:25:57 [notice] 1#1: worker process 38 exited with code 0
2023/08/12 07:25:57 [notice] 1#1: worker process 40 exited with code 0
2023/08/12 07:25:57 [notice] 1#1: worker process 46 exited with code 0
2023/08/12 07:25:57 [notice] 1#1: signal 29 (SIGIO) received
2023/08/12 07:25:57 [notice] 1#1: signal 17 (SIGCHLD) received from 36
2023/08/12 07:25:57 [notice] 1#1: signal 17 (SIGCHLD) received from 39
2023/08/12 07:25:57 [notice] 1#1: worker process 39 exited with code 0
2023/08/12 07:25:57 [notice] 1#1: worker process 42 exited with code 0
2023/08/12 07:25:57 [notice] 1#1: signal 29 (SIGIO) received
2023/08/12 07:25:57 [notice] 1#1: signal 17 (SIGCHLD) received from 42
2023/08/12 07:25:57 [notice] 1#1: signal 17 (SIGCHLD) received from 45
2023/08/12 07:25:57 [notice] 1#1: worker process 45 exited with code 0
2023/08/12 07:25:57 [notice] 1#1: signal 29 (SIGIO) received
2023/08/12 07:25:57 [notice] 1#1: signal 17 (SIGCHLD) received from 43
2023/08/12 07:25:57 [notice] 1#1: worker process 43 exited with code 0
2023/08/12 07:25:57 [notice] 1#1: signal 29 (SIGIO) received
2023/08/12 07:25:57 [notice] 1#1: signal 17 (SIGCHLD) received from 34
2023/08/12 07:25:57 [notice] 1#1: worker process 34 exited with code 0
2023/08/12 07:25:57 [notice] 1#1: signal 29 (SIGIO) received
2023/08/12 07:25:57 [notice] 1#1: signal 17 (SIGCHLD) received from 44
2023/08/12 07:25:57 [notice] 1#1: worker process 44 exited with code 0
2023/08/12 07:25:57 [notice] 1#1: worker process 47 exited with code 0
2023/08/12 07:25:57 [notice] 1#1: signal 29 (SIGIO) received
2023/08/12 07:25:57 [notice] 1#1: signal 17 (SIGCHLD) received from 47
2023/08/12 07:25:57 [notice] 1#1: signal 17 (SIGCHLD) received from 41
2023/08/12 07:25:57 [notice] 1#1: worker process 41 exited with code 0
2023/08/12 07:25:57 [notice] 1#1: signal 29 (SIGIO) received
2023/08/12 07:25:57 [notice] 1#1: signal 17 (SIGCHLD) received from 35
2023/08/12 07:25:57 [notice] 1#1: worker process 35 exited with code 0
2023/08/12 07:25:57 [notice] 1#1: signal 29 (SIGIO) received
2023/08/12 07:25:57 [notice] 1#1: signal 17 (SIGCHLD) received from 33
2023/08/12 07:25:57 [notice] 1#1: worker process 33 exited with code 0
2023/08/12 07:25:57 [notice] 1#1: signal 29 (SIGIO) received
2023/08/12 07:26:43 [notice] 1#1: using the "epoll" event method
2023/08/12 07:26:43 [notice] 1#1: nginx/1.21.3
2023/08/12 07:26:43 [notice] 1#1: built by gcc 10.3.1 20210424 (Alpine 10.3.1_git20210424) 
2023/08/12 07:26:43 [notice] 1#1: OS: Linux 5.10.102.1-microsoft-standard-WSL2
2023/08/12 07:26:43 [notice] 1#1: getrlimit(RLIMIT_NOFILE): 1048576:1048576
2023/08/12 07:26:43 [notice] 1#1: start worker processes
2023/08/12 07:26:43 [notice] 1#1: start worker process 32
2023/08/12 07:26:43 [notice] 1#1: start worker process 33
2023/08/12 07:26:43 [notice] 1#1: start worker process 34
2023/08/12 07:26:43 [notice] 1#1: start worker process 35
2023/08/12 07:26:43 [notice] 1#1: start worker process 36
2023/08/12 07:26:43 [notice] 1#1: start worker process 37
2023/08/12 07:26:43 [notice] 1#1: start worker process 38
2023/08/12 07:26:43 [notice] 1#1: start worker process 39
2023/08/12 07:26:43 [notice] 1#1: start worker process 40
2023/08/12 07:26:43 [notice] 1#1: start worker process 41
2023/08/12 07:26:43 [notice] 1#1: start worker process 42
2023/08/12 07:26:43 [notice] 1#1: start worker process 43
2023/08/12 07:26:43 [notice] 1#1: start worker process 44
2023/08/12 07:26:43 [notice] 1#1: start worker process 45
2023/08/12 07:26:43 [notice] 1#1: start worker process 46
2023/08/12 07:26:43 [notice] 1#1: start worker process 47
